This is emTeX, Version 3.0 [3a] (preloaded format=lplain 90.7.13)  30 MAR 1992 12:31
**&lplain figpg.tex
(figpg.tex
ILaTeX Version 2.09 <13 Jun 1989>
(d:\emtex\texinput\report.sty
Document Style `report' <24 May 89>, international version <17 Oct 89>.
(d:\emtex\texinput\rep11.sty)
\descriptionmargin=\dimen99
\c@part=\count79
\c@chapter=\count80
\c@section=\count81
\c@subsection=\count82
\c@subsubsection=\count83
\c@paragraph=\count84
\c@subparagraph=\count85
\c@figure=\count86
\c@table=\count87
 (d:\emtex\texinput\titlepag.sty)) (figpg.aux)
[1

] [2] [3] [4] [5] [6] [7] [8] [9] [10] [11] [12] [13] [14] [15] [16] [17]
[18] [19] [20] [21] [22] [23] [24] [25] [26] [27] [28] [29] [30] [31] [32]
[33] [34] [35] [36] (figpg.aux) ) 
Here is how much of TeX's memory you used:
 177 strings out of 6924
 1686 string characters out of 12995
 26742 words of memory out of 65533
 2148 multiletter control sequences out of 3500
 21235 words of font info for 82 fonts, out of 32766 for 127
 14 hyphenation exceptions out of 307
 12i,4n,15p,157b,50s stack positions out of 200i,100n,60p,1024b,600s

Output written on figpg.dvi (36 pages, 3288 bytes).
